0 info it worked if it ends with ok
1 verbose cli [ '/usr/local/bin/node',
1 verbose cli   '/usr/local/lib/node_modules/cnpm/node_modules/.bin/npm',
1 verbose cli   '--userconfig=/Users/kingdee/.cnpmrc',
1 verbose cli   '--disturl=https://npm.taobao.org/mirrors/node',
1 verbose cli   '--registry=https://registry.npm.taobao.org',
1 verbose cli   'start' ]
2 info using npm@3.10.5
3 info using node@v7.6.0
4 verbose run-script [ 'prestart', 'start', 'poststart' ]
5 info lifecycle chat-frontend@1.0.0~prestart: chat-frontend@1.0.0
6 silly lifecycle chat-frontend@1.0.0~prestart: no script for prestart, continuing
7 info lifecycle chat-frontend@1.0.0~start: chat-frontend@1.0.0
8 verbose lifecycle chat-frontend@1.0.0~start: unsafe-perm in lifecycle true
9 verbose lifecycle chat-frontend@1.0.0~start: PATH: /usr/local/lib/node_modules/cnpm/node_modules/npm/bin/node-gyp-bin:/Users/kingdee/github-projects/chat-app/frontend/node_modules/.bin:/usr/local/bin:/Users/kingdee/.autojump/bin:/usr/bin:/bin:/usr/sbin:/sbin:/usr/local/bin:/usr/local/lib/node_modules
10 verbose lifecycle chat-frontend@1.0.0~start: CWD: /Users/kingdee/github-projects/chat-app/frontend
11 silly lifecycle chat-frontend@1.0.0~start: Args: [ '-c', 'nuxt PORT=4000' ]
12 silly lifecycle chat-frontend@1.0.0~start: Returned: code: 1  signal: null
13 info lifecycle chat-frontend@1.0.0~start: Failed to exec start script
14 verbose stack Error: chat-frontend@1.0.0 start: `nuxt PORT=4000`
14 verbose stack Exit status 1
14 verbose stack     at EventEmitter.<anonymous> (/usr/local/lib/node_modules/cnpm/node_modules/npm/lib/utils/lifecycle.js:242:16)
14 verbose stack     at emitTwo (events.js:106:13)
14 verbose stack     at EventEmitter.emit (events.js:192:7)
14 verbose stack     at ChildProcess.<anonymous> (/usr/local/lib/node_modules/cnpm/node_modules/npm/lib/utils/spawn.js:40:14)
14 verbose stack     at emitTwo (events.js:106:13)
14 verbose stack     at ChildProcess.emit (events.js:192:7)
14 verbose stack     at maybeClose (internal/child_process.js:890:16)
14 verbose stack     at Process.ChildProcess._handle.onexit (internal/child_process.js:226:5)
15 verbose pkgid chat-frontend@1.0.0
16 verbose cwd /Users/kingdee/github-projects/chat-app/frontend
17 error Darwin 15.6.0
18 error argv "/usr/local/bin/node" "/usr/local/lib/node_modules/cnpm/node_modules/.bin/npm" "--userconfig=/Users/kingdee/.cnpmrc" "--disturl=https://npm.taobao.org/mirrors/node" "--registry=https://registry.npm.taobao.org" "start"
19 error node v7.6.0
20 error npm  v3.10.5
21 error code ELIFECYCLE
22 error chat-frontend@1.0.0 start: `nuxt PORT=4000`
22 error Exit status 1
23 error Failed at the chat-frontend@1.0.0 start script 'nuxt PORT=4000'.
23 error Make sure you have the latest version of node.js and npm installed.
23 error If you do, this is most likely a problem with the chat-frontend package,
23 error not with npm itself.
23 error Tell the author that this fails on your system:
23 error     nuxt PORT=4000
23 error You can get information on how to open an issue for this project with:
23 error     npm bugs chat-frontend
23 error Or if that isn't available, you can get their info via:
23 error     npm owner ls chat-frontend
23 error There is likely additional logging output above.
24 verbose exit [ 1, true ]
